This is pdfTeX, Version 3.141592653-2.6-1.40.24 (MiKTeX 22.1) (preloaded format=pdflatex 2026.6.29)  3 JUL 2026 20:10
entering extended mode
 restricted \write18 enabled.
 %&-line parsing enabled.
**./paper_draft.tex
(paper_draft.tex
LaTeX2e <2025-11-01>
L3 programming layer <2025-12-29>

(/Users/thomashoffbauer/Library/Application Support/MiKTeX/texmfs/install/tex/l
atex/base/article.cls
Document Class: article 2025/01/22 v1.4n Standard LaTeX document class

(/Users/thomashoffbauer/Library/Application Support/MiKTeX/texmfs/install/tex/l
atex/base/size11.clo
File: size11.clo 2025/01/22 v1.4n Standard LaTeX file (size option)
)
\c@part=\count275
\c@section=\count276
\c@subsection=\count277
\c@subsubsection=\count278
\c@paragraph=\count279
\c@subparagraph=\count280
\c@figure=\count281
\c@table=\count282
\abovecaptionskip=\skip49
\belowcaptionskip=\skip50
\bibindent=\dimen148
)
(/Users/thomashoffbauer/Library/Application Support/MiKTeX/texmfs/install/tex/l
atex/base/inputenc.sty
Package: inputenc 2024/02/08 v1.3d Input encoding file
\inpenc@prehook=\toks17
\inpenc@posthook=\toks18
)
(/Users/thomashoffbauer/Library/Application Support/MiKTeX/texmfs/install/tex/l
atex/base/fontenc.sty
Package: fontenc 2025/07/18 v2.1d Standard LaTeX package
)
(/Users/thomashoffbauer/Library/Application Support/MiKTeX/texmfs/install/tex/l
atex/amsmath/amsmath.sty
Package: amsmath 2025/07/09 v2.17z AMS math features
\@mathmargin=\skip51

For additional information on amsmath, use the `?' option.

(/Users/thomashoffbauer/Library/Application Support/MiKTeX/texmfs/install/tex/l
atex/amsmath/amstext.sty
Package: amstext 2024/11/17 v2.01 AMS text

(/Users/thomashoffbauer/Library/Application Support/MiKTeX/texmfs/install/tex/l
atex/amsmath/amsgen.sty
File: amsgen.sty 1999/11/30 v2.0 generic functions
\@emptytoks=\toks19
\ex@=\dimen149
))
(/Users/thomashoffbauer/Library/Application Support/MiKTeX/texmfs/install/tex/l
atex/amsmath/amsbsy.sty
Package: amsbsy 1999/11/29 v1.2d Bold Symbols
\pmbraise@=\dimen150
)
(/Users/thomashoffbauer/Library/Application Support/MiKTeX/texmfs/install/tex/l
atex/amsmath/amsopn.sty
Package: amsopn 2022/04/08 v2.04 operator names
)
\inf@bad=\count283
LaTeX Info: Redefining \frac on input line 233.
\uproot@=\count284
\leftroot@=\count285
LaTeX Info: Redefining \overline on input line 398.
LaTeX Info: Redefining \colon on input line 409.
\classnum@=\count286
\DOTSCASE@=\count287
LaTeX Info: Redefining \ldots on input line 495.
LaTeX Info: Redefining \dots on input line 498.
LaTeX Info: Redefining \cdots on input line 619.
\Mathstrutbox@=\box53
\strutbox@=\box54
LaTeX Info: Redefining \big on input line 721.
LaTeX Info: Redefining \Big on input line 722.
LaTeX Info: Redefining \bigg on input line 723.
LaTeX Info: Redefining \Bigg on input line 724.
\big@size=\dimen151
LaTeX Font Info:    Redeclaring font encoding OML on input line 742.
LaTeX Font Info:    Redeclaring font encoding OMS on input line 743.
\macc@depth=\count288
LaTeX Info: Redefining \bmod on input line 904.
LaTeX Info: Redefining \pmod on input line 909.
LaTeX Info: Redefining \smash on input line 939.
LaTeX Info: Redefining \relbar on input line 969.
LaTeX Info: Redefining \Relbar on input line 970.
\c@MaxMatrixCols=\count289
\dotsspace@=\muskip17
\c@parentequation=\count290
\dspbrk@lvl=\count291
\tag@help=\toks20
\row@=\count292
\column@=\count293
\maxfields@=\count294
\andhelp@=\toks21
\eqnshift@=\dimen152
\alignsep@=\dimen153
\tagshift@=\dimen154
\tagwidth@=\dimen155
\totwidth@=\dimen156
\lineht@=\dimen157
\@envbody=\toks22
\multlinegap=\skip52
\multlinetaggap=\skip53
\mathdisplay@stack=\toks23
LaTeX Info: Redefining \[ on input line 2950.
LaTeX Info: Redefining \] on input line 2951.
)
(/Users/thomashoffbauer/Library/Application Support/MiKTeX/texmfs/install/tex/l
atex/amsfonts/amssymb.sty
Package: amssymb 2013/01/14 v3.01 AMS font symbols

(/Users/thomashoffbauer/Library/Application Support/MiKTeX/texmfs/install/tex/l
atex/amsfonts/amsfonts.sty
Package: amsfonts 2013/01/14 v3.01 Basic AMSFonts support
\symAMSa=\mathgroup4
\symAMSb=\mathgroup5
LaTeX Font Info:    Redeclaring math symbol \hbar on input line 98.
LaTeX Font Info:    Overwriting math alphabet `\mathfrak' in version `bold'
(Font)                  U/euf/m/n --> U/euf/b/n on input line 106.
))
(/Users/thomashoffbauer/Library/Application Support/MiKTeX/texmfs/install/tex/l
atex/amscls/amsthm.sty
Package: amsthm 2020/05/29 v2.20.6
\thm@style=\toks24
\thm@bodyfont=\toks25
\thm@headfont=\toks26
\thm@notefont=\toks27
\thm@headpunct=\toks28
\thm@preskip=\skip54
\thm@postskip=\skip55
\thm@headsep=\skip56
\dth@everypar=\toks29
)
(/Users/thomashoffbauer/Library/Application Support/MiKTeX/texmfs/install/tex/l
atex/booktabs/booktabs.sty
Package: booktabs 2020/01/12 v1.61803398 Publication quality tables
\heavyrulewidth=\dimen158
\lightrulewidth=\dimen159
\cmidrulewidth=\dimen160
\belowrulesep=\dimen161
\belowbottomsep=\dimen162
\aboverulesep=\dimen163
\abovetopsep=\dimen164
\cmidrulesep=\dimen165
\cmidrulekern=\dimen166
\defaultaddspace=\dimen167
\@cmidla=\count295
\@cmidlb=\count296
\@aboverulesep=\dimen168
\@belowrulesep=\dimen169
\@thisruleclass=\count297
\@lastruleclass=\count298
\@thisrulewidth=\dimen170
)
(/Users/thomashoffbauer/Library/Application Support/MiKTeX/texmfs/install/tex/l
atex/graphics/graphicx.sty
Package: graphicx 2024/12/31 v1.2e Enhanced LaTeX Graphics (DPC,SPQR)

(/Users/thomashoffbauer/Library/Application Support/MiKTeX/texmfs/install/tex/l
atex/graphics/keyval.sty
Package: keyval 2022/05/29 v1.15 key=value parser (DPC)
\KV@toks@=\toks30
)
(/Users/thomashoffbauer/Library/Application Support/MiKTeX/texmfs/install/tex/l
atex/graphics/graphics.sty
Package: graphics 2024/08/06 v1.4g Standard LaTeX Graphics (DPC,SPQR)

(/Users/thomashoffbauer/Library/Application Support/MiKTeX/texmfs/install/tex/l
atex/graphics/trig.sty
Package: trig 2023/12/02 v1.11 sin cos tan (DPC)
)
(/Users/thomashoffbauer/Library/Application Support/MiKTeX/texmfs/install/tex/l
atex/graphics-cfg/graphics.cfg
File: graphics.cfg 2016/06/04 v1.11 sample graphics configuration
)
Package graphics Info: Driver file: pdftex.def on input line 106.

(/Users/thomashoffbauer/Library/Application Support/MiKTeX/texmfs/install/tex/l
atex/graphics-def/pdftex.def
File: pdftex.def 2025/09/29 v1.2d Graphics/color driver for pdftex
))
\Gin@req@height=\dimen171
\Gin@req@width=\dimen172
)
(/Users/thomashoffbauer/Library/Application Support/MiKTeX/texmfs/install/tex/l
atex/microtype/microtype.sty
Package: microtype 2026/03/01 v3.2d Micro-typographical refinements (RS)

(/Users/thomashoffbauer/Library/Application Support/MiKTeX/texmfs/install/tex/l
atex/etoolbox/etoolbox.sty
Package: etoolbox 2025/10/02 v2.5m e-TeX tools for LaTeX (JAW)
\etb@tempcnta=\count299
)
\MT@toks=\toks31
\MT@tempbox=\box55
\MT@count=\count300
LaTeX Info: Redefining \noprotrusionifhmode on input line 1084.
LaTeX Info: Redefining \leftprotrusion on input line 1085.
\MT@prot@toks=\toks32
LaTeX Info: Redefining \rightprotrusion on input line 1104.
LaTeX Info: Redefining \textls on input line 1449.
\MT@outer@kern=\dimen173
LaTeX Info: Redefining \microtypecontext on input line 2053.
LaTeX Info: Redefining \textmicrotypecontext on input line 2070.
\MT@listname@count=\count301

(/Users/thomashoffbauer/Library/Application Support/MiKTeX/texmfs/install/tex/l
atex/microtype/microtype-pdftex.def
File: microtype-pdftex.def 2026/03/01 v3.2d Definitions specific to pdftex (RS)

LaTeX Info: Redefining \lsstyle on input line 944.
LaTeX Info: Redefining \lslig on input line 944.
\MT@outer@space=\skip57
)
Package microtype Info: Loading configuration file microtype.cfg.

(/Users/thomashoffbauer/Library/Application Support/MiKTeX/texmfs/install/tex/l
atex/microtype/microtype.cfg
File: microtype.cfg 2026/03/01 v3.2d microtype main configuration file (RS)
)
LaTeX Info: Redefining \microtypesetup on input line 3065.
)
(/Users/thomashoffbauer/Library/Application Support/MiKTeX/texmfs/install/tex/l
atex/hyperref/hyperref.sty
Package: hyperref 2025-07-12 v7.01o Hypertext links for LaTeX

(/Users/thomashoffbauer/Library/Application Support/MiKTeX/texmfs/install/tex/g
eneric/iftex/iftex.sty
Package: iftex 2024/12/12 v1.0g TeX engine tests
)
(/Users/thomashoffbauer/Library/Application Support/MiKTeX/texmfs/install/tex/l
atex/kvsetkeys/kvsetkeys.sty
Package: kvsetkeys 2022-10-05 v1.19 Key value parser (HO)
)
(/Users/thomashoffbauer/Library/Application Support/MiKTeX/texmfs/install/tex/g
eneric/kvdefinekeys/kvdefinekeys.sty
Package: kvdefinekeys 2019-12-19 v1.6 Define keys (HO)
)
(/Users/thomashoffbauer/Library/Application Support/MiKTeX/texmfs/install/tex/g
eneric/pdfescape/pdfescape.sty
Package: pdfescape 2019/12/09 v1.15 Implements pdfTeX's escape features (HO)

(/Users/thomashoffbauer/Library/Application Support/MiKTeX/texmfs/install/tex/g
eneric/ltxcmds/ltxcmds.sty
Package: ltxcmds 2023-12-04 v1.26 LaTeX kernel commands for general use (HO)
)
(/Users/thomashoffbauer/Library/Application Support/MiKTeX/texmfs/install/tex/g
eneric/pdftexcmds/pdftexcmds.sty
Package: pdftexcmds 2020-06-27 v0.33 Utility functions of pdfTeX for LuaTeX (HO
)

(/Users/thomashoffbauer/Library/Application Support/MiKTeX/texmfs/install/tex/g
eneric/infwarerr/infwarerr.sty
Package: infwarerr 2019/12/03 v1.5 Providing info/warning/error messages (HO)
)
Package pdftexcmds Info: \pdf@primitive is available.
Package pdftexcmds Info: \pdf@ifprimitive is available.
Package pdftexcmds Info: \pdfdraftmode found.
))
(/Users/thomashoffbauer/Library/Application Support/MiKTeX/texmfs/install/tex/l
atex/hycolor/hycolor.sty
Package: hycolor 2020-01-27 v1.10 Color options for hyperref/bookmark (HO)
)
(/Users/thomashoffbauer/Library/Application Support/MiKTeX/texmfs/install/tex/l
atex/hyperref/nameref.sty
Package: nameref 2025-06-21 v2.57 Cross-referencing by name of section

(/Users/thomashoffbauer/Library/Application Support/MiKTeX/texmfs/install/tex/l
atex/refcount/refcount.sty
Package: refcount 2019/12/15 v3.6 Data extraction from label references (HO)
)
(/Users/thomashoffbauer/Library/Application Support/MiKTeX/texmfs/install/tex/g
eneric/gettitlestring/gettitlestring.sty
Package: gettitlestring 2019/12/15 v1.6 Cleanup title references (HO)

(/Users/thomashoffbauer/Library/Application Support/MiKTeX/texmfs/install/tex/l
atex/kvoptions/kvoptions.sty
Package: kvoptions 2022-06-15 v3.15 Key value format for package options (HO)
))
\c@section@level=\count302
)
(/Users/thomashoffbauer/Library/Application Support/MiKTeX/texmfs/install/tex/g
eneric/stringenc/stringenc.sty
Package: stringenc 2019/11/29 v1.12 Convert strings between diff. encodings (HO
)
)
\@linkdim=\dimen174
\Hy@linkcounter=\count303
\Hy@pagecounter=\count304

(/Users/thomashoffbauer/Library/Application Support/MiKTeX/texmfs/install/tex/l
atex/hyperref/pd1enc.def
File: pd1enc.def 2025-07-12 v7.01o Hyperref: PDFDocEncoding definition (HO)
Now handling font encoding PD1 ...
... no UTF-8 mapping file for font encoding PD1
)
(/Users/thomashoffbauer/Library/Application Support/MiKTeX/texmfs/install/tex/g
eneric/intcalc/intcalc.sty
Package: intcalc 2019/12/15 v1.3 Expandable calculations with integers (HO)
)
\Hy@SavedSpaceFactor=\count305

(/Users/thomashoffbauer/Library/Application Support/MiKTeX/texmfs/install/tex/l
atex/hyperref/puenc.def
File: puenc.def 2025-07-12 v7.01o Hyperref: PDF Unicode definition (HO)
Now handling font encoding PU ...
... no UTF-8 mapping file for font encoding PU
)
Package hyperref Info: Hyper figures OFF on input line 4195.
Package hyperref Info: Link nesting OFF on input line 4200.
Package hyperref Info: Hyper index ON on input line 4203.
Package hyperref Info: Plain pages OFF on input line 4210.
Package hyperref Info: Backreferencing OFF on input line 4215.
Package hyperref Info: Implicit mode ON; LaTeX internals redefined.
Package hyperref Info: Bookmarks ON on input line 4462.
\c@Hy@tempcnt=\count306

(/Users/thomashoffbauer/Library/Application Support/MiKTeX/texmfs/install/tex/l
atex/url/url.sty
\Urlmuskip=\muskip18
Package: url 2013/09/16  ver 3.4  Verb mode for urls, etc.
)
LaTeX Info: Redefining \url on input line 4801.
\XeTeXLinkMargin=\dimen175

(/Users/thomashoffbauer/Library/Application Support/MiKTeX/texmfs/install/tex/g
eneric/bitset/bitset.sty
Package: bitset 2019/12/09 v1.3 Handle bit-vector datatype (HO)

(/Users/thomashoffbauer/Library/Application Support/MiKTeX/texmfs/install/tex/g
eneric/bigintcalc/bigintcalc.sty
Package: bigintcalc 2019/12/15 v1.5 Expandable calculations on big integers (HO
)
))
\Fld@menulength=\count307
\Field@Width=\dimen176
\Fld@charsize=\dimen177
Package hyperref Info: Hyper figures OFF on input line 6078.
Package hyperref Info: Link nesting OFF on input line 6083.
Package hyperref Info: Hyper index ON on input line 6086.
Package hyperref Info: backreferencing OFF on input line 6093.
Package hyperref Info: Link coloring OFF on input line 6098.
Package hyperref Info: Link coloring with OCG OFF on input line 6103.
Package hyperref Info: PDF/A mode OFF on input line 6108.
\Hy@abspage=\count308
\c@Item=\count309
\c@Hfootnote=\count310
)
Package hyperref Info: Driver (autodetected): hpdftex.

(/Users/thomashoffbauer/Library/Application Support/MiKTeX/texmfs/install/tex/l
atex/hyperref/hpdftex.def
File: hpdftex.def 2025-07-12 v7.01o Hyperref driver for pdfTeX
\Fld@listcount=\count311
\c@bookmark@seq@number=\count312

(/Users/thomashoffbauer/Library/Application Support/MiKTeX/texmfs/install/tex/l
atex/rerunfilecheck/rerunfilecheck.sty
Package: rerunfilecheck 2025-06-21 v1.11 Rerun checks for auxiliary files (HO)

(/Users/thomashoffbauer/Library/Application Support/MiKTeX/texmfs/install/tex/g
eneric/uniquecounter/uniquecounter.sty
Package: uniquecounter 2019/12/15 v1.4 Provide unlimited unique counter (HO)
)
Package uniquecounter Info: New unique counter `rerunfilecheck' on input line 2
84.
)
\Hy@SectionHShift=\skip58
)
(/Users/thomashoffbauer/Library/Application Support/MiKTeX/texmfs/install/tex/l
atex/pgfplots/pgfplots.sty
(/Users/thomashoffbauer/Library/Application Support/MiKTeX/texmfs/install/tex/g
eneric/pgfplots/pgfplots.revision.tex)
Package: pgfplots 2021/05/15 v1.18.1 Data Visualization (1.18.1)

(/Users/thomashoffbauer/Library/Application Support/MiKTeX/texmfs/install/tex/l
atex/pgf/frontendlayer/tikz.sty
(/Users/thomashoffbauer/Library/Application Support/MiKTeX/texmfs/install/tex/l
atex/pgf/basiclayer/pgf.sty
(/Users/thomashoffbauer/Library/Application Support/MiKTeX/texmfs/install/tex/l
atex/pgf/utilities/pgfrcs.sty
(/Users/thomashoffbauer/Library/Application Support/MiKTeX/texmfs/install/tex/g
eneric/pgf/utilities/pgfutil-common.tex
\pgfutil@everybye=\toks33
\pgfutil@tempdima=\dimen178
\pgfutil@tempdimb=\dimen179
)
(/Users/thomashoffbauer/Library/Application Support/MiKTeX/texmfs/install/tex/g
eneric/pgf/utilities/pgfutil-latex.def
\pgfutil@abb=\box56
)
(/Users/thomashoffbauer/Library/Application Support/MiKTeX/texmfs/install/tex/g
eneric/pgf/utilities/pgfrcs.code.tex
(/Users/thomashoffbauer/Library/Application Support/MiKTeX/texmfs/install/tex/g
eneric/pgf/pgf.revision.tex)
Package: pgfrcs 2025-08-29 v3.1.11a (3.1.11a)
))
Package: pgf 2025-08-29 v3.1.11a (3.1.11a)

(/Users/thomashoffbauer/Library/Application Support/MiKTeX/texmfs/install/tex/l
atex/pgf/basiclayer/pgfcore.sty
(/Users/thomashoffbauer/Library/Application Support/MiKTeX/texmfs/install/tex/l
atex/pgf/systemlayer/pgfsys.sty
(/Users/thomashoffbauer/Library/Application Support/MiKTeX/texmfs/install/tex/g
eneric/pgf/systemlayer/pgfsys.code.tex
Package: pgfsys 2025-08-29 v3.1.11a (3.1.11a)

(/Users/thomashoffbauer/Library/Application Support/MiKTeX/texmfs/install/tex/g
eneric/pgf/utilities/pgfkeys.code.tex
\pgfkeys@pathtoks=\toks34
\pgfkeys@temptoks=\toks35

(/Users/thomashoffbauer/Library/Application Support/MiKTeX/texmfs/install/tex/g
eneric/pgf/utilities/pgfkeyslibraryfiltered.code.tex
\pgfkeys@tmptoks=\toks36
))
\pgf@x=\dimen180
\pgf@y=\dimen181
\pgf@xa=\dimen182
\pgf@ya=\dimen183
\pgf@xb=\dimen184
\pgf@yb=\dimen185
\pgf@xc=\dimen186
\pgf@yc=\dimen187
\pgf@xd=\dimen188
\pgf@yd=\dimen189
\w@pgf@writea=\write3
\r@pgf@reada=\read2
\c@pgf@counta=\count313
\c@pgf@countb=\count314
\c@pgf@countc=\count315
\c@pgf@countd=\count316
\t@pgf@toka=\toks37
\t@pgf@tokb=\toks38
\t@pgf@tokc=\toks39
\pgf@sys@id@count=\count317

(/Users/thomashoffbauer/Library/Application Support/MiKTeX/texmfs/install/tex/g
eneric/pgf/systemlayer/pgf.cfg
File: pgf.cfg 2025-08-29 v3.1.11a (3.1.11a)
)
Driver file for pgf: pgfsys-pdftex.def

(/Users/thomashoffbauer/Library/Application Support/MiKTeX/texmfs/install/tex/g
eneric/pgf/systemlayer/pgfsys-pdftex.def
File: pgfsys-pdftex.def 2025-08-29 v3.1.11a (3.1.11a)

(/Users/thomashoffbauer/Library/Application Support/MiKTeX/texmfs/install/tex/g
eneric/pgf/systemlayer/pgfsys-common-pdf.def
File: pgfsys-common-pdf.def 2025-08-29 v3.1.11a (3.1.11a)
)))
(/Users/thomashoffbauer/Library/Application Support/MiKTeX/texmfs/install/tex/g
eneric/pgf/systemlayer/pgfsyssoftpath.code.tex
File: pgfsyssoftpath.code.tex 2025-08-29 v3.1.11a (3.1.11a)
\pgfsyssoftpath@smallbuffer@items=\count318
\pgfsyssoftpath@bigbuffer@items=\count319
)
(/Users/thomashoffbauer/Library/Application Support/MiKTeX/texmfs/install/tex/g
eneric/pgf/systemlayer/pgfsysprotocol.code.tex
File: pgfsysprotocol.code.tex 2025-08-29 v3.1.11a (3.1.11a)
))
(/Users/thomashoffbauer/Library/Application Support/MiKTeX/texmfs/install/tex/l
atex/xcolor/xcolor.sty
Package: xcolor 2024/09/29 v3.02 LaTeX color extensions (UK)

(/Users/thomashoffbauer/Library/Application Support/MiKTeX/texmfs/install/tex/l
atex/graphics-cfg/color.cfg
File: color.cfg 2016/01/02 v1.6 sample color configuration
)
Package xcolor Info: Driver file: pdftex.def on input line 274.

(/Users/thomashoffbauer/Library/Application Support/MiKTeX/texmfs/install/tex/l
atex/graphics/mathcolor.ltx)
Package xcolor Info: Model `cmy' substituted by `cmy0' on input line 1349.
Package xcolor Info: Model `hsb' substituted by `rgb' on input line 1353.
Package xcolor Info: Model `RGB' extended on input line 1365.
Package xcolor Info: Model `HTML' substituted by `rgb' on input line 1367.
Package xcolor Info: Model `Hsb' substituted by `hsb' on input line 1368.
Package xcolor Info: Model `tHsb' substituted by `hsb' on input line 1369.
Package xcolor Info: Model `HSB' substituted by `hsb' on input line 1370.
Package xcolor Info: Model `Gray' substituted by `gray' on input line 1371.
Package xcolor Info: Model `wave' substituted by `hsb' on input line 1372.
)
(/Users/thomashoffbauer/Library/Application Support/MiKTeX/texmfs/install/tex/g
eneric/pgf/basiclayer/pgfcore.code.tex
Package: pgfcore 2025-08-29 v3.1.11a (3.1.11a)

(/Users/thomashoffbauer/Library/Application Support/MiKTeX/texmfs/install/tex/g
eneric/pgf/math/pgfmath.code.tex
(/Users/thomashoffbauer/Library/Application Support/MiKTeX/texmfs/install/tex/g
eneric/pgf/math/pgfmathutil.code.tex)
(/Users/thomashoffbauer/Library/Application Support/MiKTeX/texmfs/install/tex/g
eneric/pgf/math/pgfmathparser.code.tex
\pgfmath@dimen=\dimen190
\pgfmath@count=\count320
\pgfmath@box=\box57
\pgfmath@toks=\toks40
\pgfmath@stack@operand=\toks41
\pgfmath@stack@operation=\toks42
)
(/Users/thomashoffbauer/Library/Application Support/MiKTeX/texmfs/install/tex/g
eneric/pgf/math/pgfmathfunctions.code.tex)
(/Users/thomashoffbauer/Library/Application Support/MiKTeX/texmfs/install/tex/g
eneric/pgf/math/pgfmathfunctions.basic.code.tex)
(/Users/thomashoffbauer/Library/Application Support/MiKTeX/texmfs/install/tex/g
eneric/pgf/math/pgfmathfunctions.trigonometric.code.tex)
(/Users/thomashoffbauer/Library/Application Support/MiKTeX/texmfs/install/tex/g
eneric/pgf/math/pgfmathfunctions.random.code.tex)
(/Users/thomashoffbauer/Library/Application Support/MiKTeX/texmfs/install/tex/g
eneric/pgf/math/pgfmathfunctions.comparison.code.tex)
(/Users/thomashoffbauer/Library/Application Support/MiKTeX/texmfs/install/tex/g
eneric/pgf/math/pgfmathfunctions.base.code.tex)
(/Users/thomashoffbauer/Library/Application Support/MiKTeX/texmfs/install/tex/g
eneric/pgf/math/pgfmathfunctions.round.code.tex)
(/Users/thomashoffbauer/Library/Application Support/MiKTeX/texmfs/install/tex/g
eneric/pgf/math/pgfmathfunctions.misc.code.tex)
(/Users/thomashoffbauer/Library/Application Support/MiKTeX/texmfs/install/tex/g
eneric/pgf/math/pgfmathfunctions.integerarithmetics.code.tex)
(/Users/thomashoffbauer/Library/Application Support/MiKTeX/texmfs/install/tex/g
eneric/pgf/math/pgfmathcalc.code.tex)
(/Users/thomashoffbauer/Library/Application Support/MiKTeX/texmfs/install/tex/g
eneric/pgf/math/pgfmathfloat.code.tex
\c@pgfmathroundto@lastzeros=\count321
))
(/Users/thomashoffbauer/Library/Application Support/MiKTeX/texmfs/install/tex/g
eneric/pgf/math/pgfint.code.tex)
(/Users/thomashoffbauer/Library/Application Support/MiKTeX/texmfs/install/tex/g
eneric/pgf/basiclayer/pgfcorepoints.code.tex
File: pgfcorepoints.code.tex 2025-08-29 v3.1.11a (3.1.11a)
\pgf@picminx=\dimen191
\pgf@picmaxx=\dimen192
\pgf@picminy=\dimen193
\pgf@picmaxy=\dimen194
\pgf@pathminx=\dimen195
\pgf@pathmaxx=\dimen196
\pgf@pathminy=\dimen197
\pgf@pathmaxy=\dimen198
\pgf@xx=\dimen199
\pgf@xy=\dimen256
\pgf@yx=\dimen257
\pgf@yy=\dimen258
\pgf@zx=\dimen259
\pgf@zy=\dimen260
)
(/Users/thomashoffbauer/Library/Application Support/MiKTeX/texmfs/install/tex/g
eneric/pgf/basiclayer/pgfcorepathconstruct.code.tex
File: pgfcorepathconstruct.code.tex 2025-08-29 v3.1.11a (3.1.11a)
\pgf@path@lastx=\dimen261
\pgf@path@lasty=\dimen262
)
(/Users/thomashoffbauer/Library/Application Support/MiKTeX/texmfs/install/tex/g
eneric/pgf/basiclayer/pgfcorepathusage.code.tex
File: pgfcorepathusage.code.tex 2025-08-29 v3.1.11a (3.1.11a)
\pgf@shorten@end@additional=\dimen263
\pgf@shorten@start@additional=\dimen264
)
(/Users/thomashoffbauer/Library/Application Support/MiKTeX/texmfs/install/tex/g
eneric/pgf/basiclayer/pgfcorescopes.code.tex
File: pgfcorescopes.code.tex 2025-08-29 v3.1.11a (3.1.11a)
\pgfpic=\box58
\pgf@hbox=\box59
\pgf@layerbox@main=\box60
\pgf@picture@serial@count=\count322
)
(/Users/thomashoffbauer/Library/Application Support/MiKTeX/texmfs/install/tex/g
eneric/pgf/basiclayer/pgfcoregraphicstate.code.tex
File: pgfcoregraphicstate.code.tex 2025-08-29 v3.1.11a (3.1.11a)
\pgflinewidth=\dimen265
)
(/Users/thomashoffbauer/Library/Application Support/MiKTeX/texmfs/install/tex/g
eneric/pgf/basiclayer/pgfcoretransformations.code.tex
File: pgfcoretransformations.code.tex 2025-08-29 v3.1.11a (3.1.11a)
\pgf@pt@x=\dimen266
\pgf@pt@y=\dimen267
\pgf@pt@temp=\dimen268
)
(/Users/thomashoffbauer/Library/Application Support/MiKTeX/texmfs/install/tex/g
eneric/pgf/basiclayer/pgfcorequick.code.tex
File: pgfcorequick.code.tex 2025-08-29 v3.1.11a (3.1.11a)
)
(/Users/thomashoffbauer/Library/Application Support/MiKTeX/texmfs/install/tex/g
eneric/pgf/basiclayer/pgfcoreobjects.code.tex
File: pgfcoreobjects.code.tex 2025-08-29 v3.1.11a (3.1.11a)
)
(/Users/thomashoffbauer/Library/Application Support/MiKTeX/texmfs/install/tex/g
eneric/pgf/basiclayer/pgfcorepathprocessing.code.tex
File: pgfcorepathprocessing.code.tex 2025-08-29 v3.1.11a (3.1.11a)
)
(/Users/thomashoffbauer/Library/Application Support/MiKTeX/texmfs/install/tex/g
eneric/pgf/basiclayer/pgfcorearrows.code.tex
File: pgfcorearrows.code.tex 2025-08-29 v3.1.11a (3.1.11a)
\pgfarrowsep=\dimen269
)
(/Users/thomashoffbauer/Library/Application Support/MiKTeX/texmfs/install/tex/g
eneric/pgf/basiclayer/pgfcoreshade.code.tex
File: pgfcoreshade.code.tex 2025-08-29 v3.1.11a (3.1.11a)
\pgf@max=\dimen270
\pgf@sys@shading@range@num=\count323
\pgf@shadingcount=\count324
)
(/Users/thomashoffbauer/Library/Application Support/MiKTeX/texmfs/install/tex/g
eneric/pgf/basiclayer/pgfcoreimage.code.tex
File: pgfcoreimage.code.tex 2025-08-29 v3.1.11a (3.1.11a)
)
(/Users/thomashoffbauer/Library/Application Support/MiKTeX/texmfs/install/tex/g
eneric/pgf/basiclayer/pgfcoreexternal.code.tex
File: pgfcoreexternal.code.tex 2025-08-29 v3.1.11a (3.1.11a)
\pgfexternal@startupbox=\box61
)
(/Users/thomashoffbauer/Library/Application Support/MiKTeX/texmfs/install/tex/g
eneric/pgf/basiclayer/pgfcorelayers.code.tex
File: pgfcorelayers.code.tex 2025-08-29 v3.1.11a (3.1.11a)
)
(/Users/thomashoffbauer/Library/Application Support/MiKTeX/texmfs/install/tex/g
eneric/pgf/basiclayer/pgfcoretransparency.code.tex
File: pgfcoretransparency.code.tex 2025-08-29 v3.1.11a (3.1.11a)
)
(/Users/thomashoffbauer/Library/Application Support/MiKTeX/texmfs/install/tex/g
eneric/pgf/basiclayer/pgfcorepatterns.code.tex
File: pgfcorepatterns.code.tex 2025-08-29 v3.1.11a (3.1.11a)
)
(/Users/thomashoffbauer/Library/Application Support/MiKTeX/texmfs/install/tex/g
eneric/pgf/basiclayer/pgfcorerdf.code.tex
File: pgfcorerdf.code.tex 2025-08-29 v3.1.11a (3.1.11a)
)))
(/Users/thomashoffbauer/Library/Application Support/MiKTeX/texmfs/install/tex/g
eneric/pgf/modules/pgfmoduleshapes.code.tex
File: pgfmoduleshapes.code.tex 2025-08-29 v3.1.11a (3.1.11a)
\pgfnodeparttextbox=\box62
)
(/Users/thomashoffbauer/Library/Application Support/MiKTeX/texmfs/install/tex/g
eneric/pgf/modules/pgfmoduleplot.code.tex
File: pgfmoduleplot.code.tex 2025-08-29 v3.1.11a (3.1.11a)
)
(/Users/thomashoffbauer/Library/Application Support/MiKTeX/texmfs/install/tex/l
atex/pgf/compatibility/pgfcomp-version-0-65.sty
Package: pgfcomp-version-0-65 2025-08-29 v3.1.11a (3.1.11a)
\pgf@nodesepstart=\dimen271
\pgf@nodesepend=\dimen272
)
(/Users/thomashoffbauer/Library/Application Support/MiKTeX/texmfs/install/tex/l
atex/pgf/compatibility/pgfcomp-version-1-18.sty
Package: pgfcomp-version-1-18 2025-08-29 v3.1.11a (3.1.11a)
))
(/Users/thomashoffbauer/Library/Application Support/MiKTeX/texmfs/install/tex/l
atex/pgf/utilities/pgffor.sty
(/Users/thomashoffbauer/Library/Application Support/MiKTeX/texmfs/install/tex/l
atex/pgf/utilities/pgfkeys.sty
(/Users/thomashoffbauer/Library/Application Support/MiKTeX/texmfs/install/tex/g
eneric/pgf/utilities/pgfkeys.code.tex))
(/Users/thomashoffbauer/Library/Application Support/MiKTeX/texmfs/install/tex/l
atex/pgf/math/pgfmath.sty
(/Users/thomashoffbauer/Library/Application Support/MiKTeX/texmfs/install/tex/g
eneric/pgf/math/pgfmath.code.tex))
(/Users/thomashoffbauer/Library/Application Support/MiKTeX/texmfs/install/tex/g
eneric/pgf/utilities/pgffor.code.tex
Package: pgffor 2025-08-29 v3.1.11a (3.1.11a)
\pgffor@iter=\dimen273
\pgffor@skip=\dimen274
\pgffor@stack=\toks43
\pgffor@toks=\toks44
))
(/Users/thomashoffbauer/Library/Application Support/MiKTeX/texmfs/install/tex/g
eneric/pgf/frontendlayer/tikz/tikz.code.tex
Package: tikz 2025-08-29 v3.1.11a (3.1.11a)

(/Users/thomashoffbauer/Library/Application Support/MiKTeX/texmfs/install/tex/g
eneric/pgf/libraries/pgflibraryplothandlers.code.tex
File: pgflibraryplothandlers.code.tex 2025-08-29 v3.1.11a (3.1.11a)
\pgf@plot@mark@count=\count325
\pgfplotmarksize=\dimen275
)
\tikz@lastx=\dimen276
\tikz@lasty=\dimen277
\tikz@lastxsaved=\dimen278
\tikz@lastysaved=\dimen279
\tikz@lastmovetox=\dimen280
\tikz@lastmovetoy=\dimen281
\tikzleveldistance=\dimen282
\tikzsiblingdistance=\dimen283
\tikz@figbox=\box63
\tikz@figbox@bg=\box64
\tikz@tempbox=\box65
\tikz@tempbox@bg=\box66
\tikztreelevel=\count326
\tikznumberofchildren=\count327
\tikznumberofcurrentchild=\count328
\tikz@fig@count=\count329

(/Users/thomashoffbauer/Library/Application Support/MiKTeX/texmfs/install/tex/g
eneric/pgf/modules/pgfmodulematrix.code.tex
File: pgfmodulematrix.code.tex 2025-08-29 v3.1.11a (3.1.11a)
\pgfmatrixcurrentrow=\count330
\pgfmatrixcurrentcolumn=\count331
\pgf@matrix@numberofcolumns=\count332
)
\tikz@expandcount=\count333

(/Users/thomashoffbauer/Library/Application Support/MiKTeX/texmfs/install/tex/g
eneric/pgf/frontendlayer/tikz/libraries/tikzlibrarytopaths.code.tex
File: tikzlibrarytopaths.code.tex 2025-08-29 v3.1.11a (3.1.11a)
)))
(/Users/thomashoffbauer/Library/Application Support/MiKTeX/texmfs/install/tex/g
eneric/pgfplots/pgfplots.code.tex
(/Users/thomashoffbauer/Library/Application Support/MiKTeX/texmfs/install/tex/g
eneric/pgfplots/pgfplotscore.code.tex
\t@pgfplots@toka=\toks45
\t@pgfplots@tokb=\toks46
\t@pgfplots@tokc=\toks47
\pgfplots@tmpa=\dimen284
\c@pgfplots@coordindex=\count334
\c@pgfplots@scanlineindex=\count335

(/Users/thomashoffbauer/Library/Application Support/MiKTeX/texmfs/install/tex/g
eneric/pgfplots/sys/pgfplotssysgeneric.code.tex))
(/Users/thomashoffbauer/Library/Application Support/MiKTeX/texmfs/install/tex/g
eneric/pgfplots/libs/pgfplotslibrary.code.tex)
(/Users/thomashoffbauer/Library/Application Support/MiKTeX/texmfs/install/tex/g
eneric/pgfplots/oldpgfcompatib/pgfplotsoldpgfsupp_loader.code.tex
(/Users/thomashoffbauer/Library/Application Support/MiKTeX/texmfs/install/tex/g
eneric/pgf/libraries/pgflibraryfpu.code.tex)
Package pgfplots: loading complementary utilities for your pgf version...
\t@pgf@toka=\toks48
\t@pgf@tokb=\toks49
\t@pgf@tokc=\toks50

(/Users/thomashoffbauer/Library/Application Support/MiKTeX/texmfs/install/tex/g
eneric/pgfplots/oldpgfcompatib/pgfplotsoldpgfsupp_pgfutil-common-lists.tex))
(/Users/thomashoffbauer/Library/Application Support/MiKTeX/texmfs/install/tex/g
eneric/pgfplots/util/pgfplotsutil.code.tex
(/Users/thomashoffbauer/Library/Application Support/MiKTeX/texmfs/install/tex/g
eneric/pgfplots/liststructure/pgfplotsliststructure.code.tex)
(/Users/thomashoffbauer/Library/Application Support/MiKTeX/texmfs/install/tex/g
eneric/pgfplots/liststructure/pgfplotsliststructureext.code.tex)
(/Users/thomashoffbauer/Library/Application Support/MiKTeX/texmfs/install/tex/g
eneric/pgfplots/liststructure/pgfplotsarray.code.tex
\c@pgfplotsarray@tmp=\count336
)
(/Users/thomashoffbauer/Library/Application Support/MiKTeX/texmfs/install/tex/g
eneric/pgfplots/liststructure/pgfplotsmatrix.code.tex)
(/Users/thomashoffbauer/Library/Application Support/MiKTeX/texmfs/install/tex/g
eneric/pgfplots/numtable/pgfplotstableshared.code.tex
\c@pgfplotstable@counta=\count337
\t@pgfplotstable@a=\toks51
)
(/Users/thomashoffbauer/Library/Application Support/MiKTeX/texmfs/install/tex/g
eneric/pgfplots/liststructure/pgfplotsdeque.code.tex)
(/Users/thomashoffbauer/Library/Application Support/MiKTeX/texmfs/install/tex/g
eneric/pgfplots/util/pgfplotsbinary.code.tex
(/Users/thomashoffbauer/Library/Application Support/MiKTeX/texmfs/install/tex/g
eneric/pgfplots/util/pgfplotsbinary.data.code.tex))
(/Users/thomashoffbauer/Library/Application Support/MiKTeX/texmfs/install/tex/g
eneric/pgfplots/util/pgfplotsutil.verb.code.tex)
(/Users/thomashoffbauer/Library/Application Support/MiKTeX/texmfs/install/tex/g
eneric/pgfplots/libs/pgflibrarypgfplots.surfshading.code.tex
\c@pgfplotslibrarysurf@no=\count338

(/Users/thomashoffbauer/Library/Application Support/MiKTeX/texmfs/install/tex/g
eneric/pgfplots/sys/pgflibrarypgfplots.surfshading.pgfsys-pdftex.def)))
(/Users/thomashoffbauer/Library/Application Support/MiKTeX/texmfs/install/tex/g
eneric/pgfplots/util/pgfplotscolormap.code.tex
(/Users/thomashoffbauer/Library/Application Support/MiKTeX/texmfs/install/tex/g
eneric/pgfplots/util/pgfplotscolor.code.tex))
(/Users/thomashoffbauer/Library/Application Support/MiKTeX/texmfs/install/tex/g
eneric/pgfplots/pgfplotsstackedplots.code.tex)
(/Users/thomashoffbauer/Library/Application Support/MiKTeX/texmfs/install/tex/g
eneric/pgfplots/pgfplotsplothandlers.code.tex
(/Users/thomashoffbauer/Library/Application Support/MiKTeX/texmfs/install/tex/g
eneric/pgfplots/pgfplotsmeshplothandler.code.tex
(/Users/thomashoffbauer/Library/Application Support/MiKTeX/texmfs/install/tex/g
eneric/pgfplots/pgfplotsmeshplotimage.code.tex)))
(/Users/thomashoffbauer/Library/Application Support/MiKTeX/texmfs/install/tex/g
eneric/pgfplots/pgfplots.scaling.code.tex)
(/Users/thomashoffbauer/Library/Application Support/MiKTeX/texmfs/install/tex/g
eneric/pgfplots/pgfplotscoordprocessing.code.tex)
(/Users/thomashoffbauer/Library/Application Support/MiKTeX/texmfs/install/tex/g
eneric/pgfplots/pgfplots.errorbars.code.tex)
(/Users/thomashoffbauer/Library/Application Support/MiKTeX/texmfs/install/tex/g
eneric/pgfplots/pgfplots.markers.code.tex)
(/Users/thomashoffbauer/Library/Application Support/MiKTeX/texmfs/install/tex/g
eneric/pgfplots/pgfplotsticks.code.tex)
(/Users/thomashoffbauer/Library/Application Support/MiKTeX/texmfs/install/tex/g
eneric/pgfplots/pgfplots.paths.code.tex)
(/Users/thomashoffbauer/Library/Application Support/MiKTeX/texmfs/install/tex/g
eneric/pgf/frontendlayer/tikz/libraries/tikzlibrarydecorations.code.tex
(/Users/thomashoffbauer/Library/Application Support/MiKTeX/texmfs/install/tex/g
eneric/pgf/modules/pgfmoduledecorations.code.tex
\pgfdecoratedcompleteddistance=\dimen285
\pgfdecoratedremainingdistance=\dimen286
\pgfdecoratedinputsegmentcompleteddistance=\dimen287
\pgfdecoratedinputsegmentremainingdistance=\dimen288
\pgf@decorate@distancetomove=\dimen289
\pgf@decorate@repeatstate=\count339
\pgfdecorationsegmentamplitude=\dimen290
\pgfdecorationsegmentlength=\dimen291
)
\tikz@lib@dec@box=\box67
)
(/Users/thomashoffbauer/Library/Application Support/MiKTeX/texmfs/install/tex/g
eneric/pgf/frontendlayer/tikz/libraries/tikzlibrarydecorations.pathmorphing.cod
e.tex
(/Users/thomashoffbauer/Library/Application Support/MiKTeX/texmfs/install/tex/g
eneric/pgf/libraries/decorations/pgflibrarydecorations.pathmorphing.code.tex))
(/Users/thomashoffbauer/Library/Application Support/MiKTeX/texmfs/install/tex/g
eneric/pgf/frontendlayer/tikz/libraries/tikzlibrarydecorations.pathreplacing.co
de.tex
(/Users/thomashoffbauer/Library/Application Support/MiKTeX/texmfs/install/tex/g
eneric/pgf/libraries/decorations/pgflibrarydecorations.pathreplacing.code.tex))

(/Users/thomashoffbauer/Library/Application Support/MiKTeX/texmfs/install/tex/g
eneric/pgfplots/libs/tikzlibrarypgfplots.contourlua.code.tex)
\pgfplots@numplots=\count340
\pgfplots@xmin@reg=\dimen292
\pgfplots@xmax@reg=\dimen293
\pgfplots@ymin@reg=\dimen294
\pgfplots@ymax@reg=\dimen295
\pgfplots@zmin@reg=\dimen296
\pgfplots@zmax@reg=\dimen297
)
(/Users/thomashoffbauer/Library/Application Support/MiKTeX/texmfs/install/tex/g
eneric/pgf/frontendlayer/tikz/libraries/tikzlibraryplotmarks.code.tex
File: tikzlibraryplotmarks.code.tex 2025-08-29 v3.1.11a (3.1.11a)

(/Users/thomashoffbauer/Library/Application Support/MiKTeX/texmfs/install/tex/g
eneric/pgf/libraries/pgflibraryplotmarks.code.tex
File: pgflibraryplotmarks.code.tex 2025-08-29 v3.1.11a (3.1.11a)
)))
\c@theorem=\count341

(/Users/thomashoffbauer/Library/Application Support/MiKTeX/texmfs/install/tex/l
atex/l3backend/l3backend-pdftex.def
File: l3backend-pdftex.def 2025-10-09 L3 backend support: PDF output (pdfTeX)
\l__color_backend_stack_int=\count342
)

LaTeX Warning: Unused global option(s):
    [lettersize,article].

(paper_draft.aux)
\openout1 = `paper_draft.aux'.

LaTeX Font Info:    Checking defaults for OML/cmm/m/it on input line 28.
LaTeX Font Info:    ... okay on input line 28.
LaTeX Font Info:    Checking defaults for OMS/cmsy/m/n on input line 28.
LaTeX Font Info:    ... okay on input line 28.
LaTeX Font Info:    Checking defaults for OT1/cmr/m/n on input line 28.
LaTeX Font Info:    ... okay on input line 28.
LaTeX Font Info:    Checking defaults for T1/cmr/m/n on input line 28.
LaTeX Font Info:    ... okay on input line 28.
LaTeX Font Info:    Checking defaults for TS1/cmr/m/n on input line 28.
LaTeX Font Info:    ... okay on input line 28.
LaTeX Font Info:    Checking defaults for OMX/cmex/m/n on input line 28.
LaTeX Font Info:    ... okay on input line 28.
LaTeX Font Info:    Checking defaults for U/cmr/m/n on input line 28.
LaTeX Font Info:    ... okay on input line 28.
LaTeX Font Info:    Checking defaults for PD1/pdf/m/n on input line 28.
LaTeX Font Info:    ... okay on input line 28.
LaTeX Font Info:    Checking defaults for PU/pdf/m/n on input line 28.
LaTeX Font Info:    ... okay on input line 28.

(/Users/thomashoffbauer/Library/Application Support/MiKTeX/texmfs/install/tex/c
ontext/base/mkii/supp-pdf.mkii
[Loading MPS to PDF converter (version 2006.09.02).]
\scratchcounter=\count343
\scratchdimen=\dimen298
\scratchbox=\box68
\nofMPsegments=\count344
\nofMParguments=\count345
\everyMPshowfont=\toks52
\MPscratchCnt=\count346
\MPscratchDim=\dimen299
\MPnumerator=\count347
\makeMPintoPDFobject=\count348
\everyMPtoPDFconversion=\toks53
)
(/Users/thomashoffbauer/Library/Application Support/MiKTeX/texmfs/install/tex/l
atex/epstopdf-pkg/epstopdf-base.sty
Package: epstopdf-base 2020-01-24 v2.11 Base part for package epstopdf
Package epstopdf-base Info: Redefining graphics rule for `.eps' on input line 4
85.

(/Users/thomashoffbauer/Library/Application Support/MiKTeX/texmfs/install/tex/l
atex/00miktex/epstopdf-sys.cfg
File: epstopdf-sys.cfg 2021/03/18 v2.0 Configuration of epstopdf for MiKTeX
))
LaTeX Info: Redefining \microtypecontext on input line 28.
Package microtype Info: Applying patch `item' on input line 28.
Package microtype Info: Applying patch `toc' on input line 28.
Package microtype Info: Applying patch `eqnum' on input line 28.
Package microtype Info: Applying patch `footnote' on input line 28.
Package microtype Info: Applying patch `verbatim' on input line 28.
LaTeX Info: Redefining \microtypesetup on input line 28.
Package microtype Info: Generating PDF output.
Package microtype Info: Character protrusion enabled (level 2).
Package microtype Info: Using default protrusion set `alltext'.
Package microtype Info: No font expansion.
Package microtype Info: No adjustment of tracking.
Package microtype Info: No adjustment of interword spacing.
Package microtype Info: No adjustment of character kerning.

(/Users/thomashoffbauer/Library/Application Support/MiKTeX/texmfs/install/tex/l
atex/microtype/mt-cmr.cfg
File: mt-cmr.cfg 2013/05/19 v2.2 microtype config. file: Computer Modern Roman 
(RS)
)
Package hyperref Info: Link coloring OFF on input line 28.
 (paper_draft.out) (paper_draft.out)
\@outlinefile=\write4
\openout4 = `paper_draft.out'.


Package pgfplots notification 'compat/show suggested version=true': document ha
s been generated with the most recent feature set (\pgfplotsset{compat=1.18}).

LaTeX Font Info:    Trying to load font information for U+msa on input line 31.


(/Users/thomashoffbauer/Library/Application Support/MiKTeX/texmfs/install/tex/l
atex/amsfonts/umsa.fd
File: umsa.fd 2013/01/14 v3.01 AMS symbols A
)
(/Users/thomashoffbauer/Library/Application Support/MiKTeX/texmfs/install/tex/l
atex/microtype/mt-msa.cfg
File: mt-msa.cfg 2006/02/04 v1.1 microtype config. file: AMS symbols (a) (RS)
)
LaTeX Font Info:    Trying to load font information for U+msb on input line 31.


(/Users/thomashoffbauer/Library/Application Support/MiKTeX/texmfs/install/tex/l
atex/amsfonts/umsb.fd
File: umsb.fd 2013/01/14 v3.01 AMS symbols B
)
(/Users/thomashoffbauer/Library/Application Support/MiKTeX/texmfs/install/tex/l
atex/microtype/mt-msb.cfg
File: mt-msb.cfg 2005/06/01 v1.0 microtype config. file: AMS symbols (b) (RS)
)

[1

{/Users/thomashoffbauer/Library/Application Support/MiKTeX/texmfs/data/fonts/ma
p/pdftex/pdftex.map}] (paper_draft.toc
Overfull \hbox (0.22859pt too wide) in paragraph at lines 4--4
 [] [][]\T1/cmr/bx/n/10.95 Geometric Flo-quet Rigid-ity and the Kine-matic Time
-Ladder[] []  
 []

)
\tf@toc=\write5
\openout5 = `paper_draft.toc'.



[2]
Overfull \hbox (21.25069pt too wide) in paragraph at lines 50--52
\T1/cmr/m/n/10.95 The cen-tral ob-ject is the four-channel prime-factor sig-na-
ture $\OML/cmm/m/it/10.95 H\OT1/cmr/m/n/10.95 (\OML/cmm/m/it/10.95 n\OT1/cmr/m/
n/10.95 ) = (\OML/cmm/m/it/10.95 E; A; B; C\OT1/cmr/m/n/10.95 )$\T1/cmr/m/n/10.
95 ,
 []


Overfull \hbox (2.24318pt too wide) in paragraph at lines 53--54
[]\T1/cmr/m/n/10.95 formally ver-i-fied norm-shell re-duc-tions and odd-core eq
uiv-a-lences (Lean,
 []


Overfull \hbox (1.5811pt too wide) in paragraph at lines 54--55
[]\T1/cmr/m/n/10.95 numerically re-pro-ducible Flo-quet rigid-ity on the Hurwit
z/$\OML/cmm/m/it/10.95 E[]$ \T1/cmr/m/n/10.95 oc-to-nionic
 []

Package microtype Info: Loading generic protrusion settings for font family
(microtype)             `cmtt' (encoding: T1).
(microtype)             For optimal results, create family-specific settings.
(microtype)             See the microtype manual for details.

Overfull \hbox (87.10532pt too wide) in paragraph at lines 62--66
\T1/cmr/m/n/10.95 Satzgruppen S1--S3 of the Lean ker-nel are fully machine-chec
ked (\T1/cmtt/m/n/10.95 collatz_iterate_pow_two_*\T1/cmr/m/n/10.95 ,
 []


Overfull \hbox (198.96593pt too wide) in paragraph at lines 62--66
\T1/cmr/m/n/10.95 rently blocked by a re-main-ing \T1/cmtt/m/n/10.95 sorry \T1/
cmr/m/n/10.95 in the pe-riph-eral mod-ule \T1/cmtt/m/n/10.95 KeplerHurwitz/Repr
esentation/DreiMusketiere.lean
 []


Overfull \hbox (37.44084pt too wide) in paragraph at lines 69--71
[]\T1/cmr/bx/n/10.95 S1: \T1/cmr/m/n/10.95 Col-latz norm-shell it-er-a-tion and
 equiv-a-lence $[] \OMS/cmsy/m/n/10.95 ,
 []


Package hyperref Warning: Token not allowed in a PDF string (Unicode):
(hyperref)                removing `\leavevmode@ifvmode' on input line 82.


Package hyperref Warning: Token not allowed in a PDF string (Unicode):
(hyperref)                \kern 1.81503pt
(hyperref)                removed on input line 82.


Package hyperref Warning: Token not allowed in a PDF string (Unicode):
(hyperref)                removing `\leavevmode@ifvmode' on input line 82.


Package hyperref Warning: Token not allowed in a PDF string (Unicode):
(hyperref)                \kern 1.81503pt
(hyperref)                removed on input line 82.



[3]
Overfull \hbox (2.8964pt too wide) in paragraph at lines 87--88
[]\T1/cmr/m/n/10.95 baseline: $[]\OT1/cmr/m/n/10.95 ^^A\OML/cmm/m/it/10.95 M \O
T1/cmr/m/n/10.95 = 2$\T1/cmr/m/n/10.95 , tail pe-riod $\OML/cmm/m/it/10.95 M[] 
\OT1/cmr/m/n/10.95 = 8$\T1/cmr/m/n/10.95 , spec-trum $\OMS/cmsy/m/n/10.95 ^^F\O
T1/cmr/m/n/10.95 1\OML/cmm/m/it/10.95 :\OT1/cmr/m/n/10.95 85619$\T1/cmr/m/n/10.
95 ; 
 []

Package pgfplots info on input line 112: Using 'lua backend=false' for axis: x 
coord trafo unsupported.

Underfull \hbox (badness 10000) in paragraph at lines 116--116
[]\T1/cmr/m/n/10.95 Figure 1: []Baseline cyclic tail spec-trum (E-033), ex-port
ed as
 []


Package hyperref Warning: Token not allowed in a PDF string (Unicode):
(hyperref)                removing `\leavevmode@ifvmode' on input line 125.


Package hyperref Warning: Token not allowed in a PDF string (Unicode):
(hyperref)                \kern 1.81503pt
(hyperref)                removed on input line 125.


Package hyperref Warning: Token not allowed in a PDF string (Unicode):
(hyperref)                removing `\leavevmode@ifvmode' on input line 125.


Package hyperref Warning: Token not allowed in a PDF string (Unicode):
(hyperref)                \kern 1.81503pt
(hyperref)                removed on input line 125.



[4]

Package hyperref Warning: Token not allowed in a PDF string (Unicode):
(hyperref)                removing `\leavevmode@ifvmode' on input line 138.


Package hyperref Warning: Token not allowed in a PDF string (Unicode):
(hyperref)                \kern 1.81503pt
(hyperref)                removed on input line 138.


Package hyperref Warning: Token not allowed in a PDF string (Unicode):
(hyperref)                removing `\leavevmode@ifvmode' on input line 138.


Package hyperref Warning: Token not allowed in a PDF string (Unicode):
(hyperref)                \kern 1.81503pt
(hyperref)                removed on input line 138.


Overfull \hbox (37.74936pt too wide) in paragraph at lines 148--149
[][]\T1/cmr/m/it/10.95 Remark \T1/cmr/m/n/10.95 4 (Ev-i-dence sta-tus, E-035)\T
1/cmr/m/it/10.95 . []\T1/cmr/m/n/10.95 En-try E-035 is clas-si-fied [C] \T1/cmr
/bx/n/10.95 open_hypothesis
 []


Overfull \hbox (9.88918pt too wide) in paragraph at lines 153--153
[]\T1/cmr/bx/n/14.4 Dyadic Meta-com-mu-ta-tion and As-so-ci-a-tor Col-lapse 
 []


Package hyperref Warning: Token not allowed in a PDF string (Unicode):
(hyperref)                removing `math shift' on input line 156.


Package hyperref Warning: Token not allowed in a PDF string (Unicode):
(hyperref)                removing `math shift' on input line 156.


Package hyperref Warning: Token not allowed in a PDF string (Unicode):
(hyperref)                removing `\leavevmode@ifvmode' on input line 156.


Package hyperref Warning: Token not allowed in a PDF string (Unicode):
(hyperref)                \kern 1.81503pt
(hyperref)                removed on input line 156.


Package hyperref Warning: Token not allowed in a PDF string (Unicode):
(hyperref)                removing `\leavevmode@ifvmode' on input line 156.


Package hyperref Warning: Token not allowed in a PDF string (Unicode):
(hyperref)                \kern 1.81503pt
(hyperref)                removed on input line 156.


Overfull \hbox (131.6754pt too wide) in paragraph at lines 161--163
\T1/cmr/m/n/10.95 haus-tive Hur-witz sieve in \T1/cmtt/m/n/10.95 tests/test_pri
me_norms.py \T1/cmr/m/n/10.95 and \T1/cmtt/m/n/10.95 kepler_hurwitz.hurwitz_lat
tice_sieve\T1/cmr/m/n/10.95 ). 
 []



[5]
Overfull \hbox (0.11876pt too wide) in paragraph at lines 192--193
[]\T1/cmr/m/n/10.95 When odd-norm prime op-er-a-tors are ab-sent on the in-te-g
er lat-tice, nearest-
 []



[6]
Underfull \hbox (badness 10000) in paragraph at lines 208--208
[]\T1/cmr/m/n/10.95 Table 1: []Dyadic meta-com-mu-ta-tion sum-mary (E-037), ex-
port
 []


Overfull \hbox (20.3298pt too wide) in paragraph at lines 232--241
 [][] 
 []



[7]

Package hyperref Warning: Token not allowed in a PDF string (Unicode):
(hyperref)                removing `\leavevmode@ifvmode' on input line 259.


Package hyperref Warning: Token not allowed in a PDF string (Unicode):
(hyperref)                \kern 1.81503pt
(hyperref)                removed on input line 259.


Package hyperref Warning: Token not allowed in a PDF string (Unicode):
(hyperref)                removing `\leavevmode@ifvmode' on input line 259.


Package hyperref Warning: Token not allowed in a PDF string (Unicode):
(hyperref)                \kern 1.81503pt
(hyperref)                removed on input line 259.


Overfull \hbox (59.42522pt too wide) in paragraph at lines 266--270
[]\T1/cmr/m/n/10.95 Six quan-tized sta-ble lev-els arise at $\OML/cmm/m/it/10.9
5 x[] \OMS/cmsy/m/n/10.95 2 f^^@\OT1/cmr/m/n/10.95 2\OML/cmm/m/it/10.95 ; \OMS/
cmsy/m/n/10.95 ^^@\OT1/cmr/m/n/10.95 1\OML/cmm/m/it/10.95 ; \OT1/cmr/m/n/10.95 
0\OML/cmm/m/it/10.95 ; \OT1/cmr/m/n/10.95 0\OML/cmm/m/it/10.95 :\OT1/cmr/m/n/10
.95 5\OML/cmm/m/it/10.95 ; \OT1/cmr/m/n/10.95 1\OML/cmm/m/it/10.95 ; \OT1/cmr/m
/n/10.95 2\OMS/cmsy/m/n/10.95 g$ \T1/cmr/m/n/10.95 with $[] \OT1/cmr/m/n/10.95 
=
 []


Overfull \hbox (25.89806pt too wide) in paragraph at lines 266--270
\T1/cmr/m/n/10.95 lists out-go-ing sta-tion-ary flows for the five sta-bi-lized
 shells $\OML/cmm/m/it/10.95 x[] \OMS/cmsy/m/n/10.95 2 f^^@\OT1/cmr/m/n/10.95 2
\OML/cmm/m/it/10.95 ; \OMS/cmsy/m/n/10.95 ^^@\OT1/cmr/m/n/10.95 1\OML/cmm/m/it/
10.95 ; \OT1/cmr/m/n/10.95 0\OML/cmm/m/it/10.95 ; \OT1/cmr/m/n/10.95 0\OML/cmm/
m/it/10.95 :\OT1/cmr/m/n/10.95 5\OML/cmm/m/it/10.95 ; \OT1/cmr/m/n/10.95 1\OML/
cmm/m/it/10.95 :\OT1/cmr/m/n/10.95 0\OMS/cmsy/m/n/10.95 g$\T1/cmr/m/n/10.95 ;
 []

(energiedoku_exports/arithmetic_energy_levels.tex
Overfull \hbox (52.45045pt too wide) in paragraph at lines 7--19
 [][] 
 []

)

Package hyperref Warning: Token not allowed in a PDF string (Unicode):
(hyperref)                removing `\leavevmode@ifvmode' on input line 293.


Package hyperref Warning: Token not allowed in a PDF string (Unicode):
(hyperref)                \kern 1.81503pt
(hyperref)                removed on input line 293.


Package hyperref Warning: Token not allowed in a PDF string (Unicode):
(hyperref)                removing `\leavevmode@ifvmode' on input line 293.


Package hyperref Warning: Token not allowed in a PDF string (Unicode):
(hyperref)                \kern 1.81503pt
(hyperref)                removed on input line 293.


Overfull \hbox (24.09853pt too wide) in paragraph at lines 295--298
[]\OT1/cmr/m/n/10.95 (\OML/cmm/m/it/10.95 R[] \OMS/cmsy/m/n/10.95 \ \OML/cmm/m/
it/10.95 R[]\OT1/cmr/m/n/10.95 ) = 1$\T1/cmr/m/n/10.95 , and min-i-mum ker-nel 
Ham-ming weight $\OML/cmm/m/it/10.95 d[]\OT1/cmr/m/n/10.95 ([] \OML/cmm/m/it/10
.95 R[]\OT1/cmr/m/n/10.95 ) =
 []



[8]

Package hyperref Warning: Token not allowed in a PDF string (Unicode):
(hyperref)                removing `\leavevmode@ifvmode' on input line 304.


Package hyperref Warning: Token not allowed in a PDF string (Unicode):
(hyperref)                \kern 1.81503pt
(hyperref)                removed on input line 304.


Package hyperref Warning: Token not allowed in a PDF string (Unicode):
(hyperref)                removing `\leavevmode@ifvmode' on input line 304.


Package hyperref Warning: Token not allowed in a PDF string (Unicode):
(hyperref)                \kern 1.81503pt
(hyperref)                removed on input line 304.


Package hyperref Warning: Token not allowed in a PDF string (Unicode):
(hyperref)                removing `\leavevmode@ifvmode' on input line 314.


Package hyperref Warning: Token not allowed in a PDF string (Unicode):
(hyperref)                \kern 1.81503pt
(hyperref)                removed on input line 314.


Package hyperref Warning: Token not allowed in a PDF string (Unicode):
(hyperref)                removing `\leavevmode@ifvmode' on input line 314.


Package hyperref Warning: Token not allowed in a PDF string (Unicode):
(hyperref)                \kern 1.81503pt
(hyperref)                removed on input line 314.


Overfull \hbox (11.64554pt too wide) in paragraph at lines 316--319
\T1/cmr/m/n/10.95 fore la-bel com-par-i-son: full \T1/cmtt/m/n/10.95 hurwitz_re
sidue\T1/cmr/m/n/10.95 , \T1/cmtt/m/n/10.95 signed_support\T1/cmr/m/n/10.95 , a
nd \T1/cmtt/m/n/10.95 real_axis\T1/cmr/m/n/10.95 .
 []


Package hyperref Warning: Token not allowed in a PDF string (Unicode):
(hyperref)                removing `\leavevmode@ifvmode' on input line 320.


Package hyperref Warning: Token not allowed in a PDF string (Unicode):
(hyperref)                \kern 1.81503pt
(hyperref)                removed on input line 320.


Package hyperref Warning: Token not allowed in a PDF string (Unicode):
(hyperref)                removing `\leavevmode@ifvmode' on input line 320.


Package hyperref Warning: Token not allowed in a PDF string (Unicode):
(hyperref)                \kern 1.81503pt
(hyperref)                removed on input line 320.



[9]

Package hyperref Warning: Token not allowed in a PDF string (Unicode):
(hyperref)                removing `\leavevmode@ifvmode' on input line 331.


Package hyperref Warning: Token not allowed in a PDF string (Unicode):
(hyperref)                \kern 1.81503pt
(hyperref)                removed on input line 331.


Package hyperref Warning: Token not allowed in a PDF string (Unicode):
(hyperref)                removing `\leavevmode@ifvmode' on input line 331.


Package hyperref Warning: Token not allowed in a PDF string (Unicode):
(hyperref)                \kern 1.81503pt
(hyperref)                removed on input line 331.


Overfull \hbox (6.25644pt too wide) in paragraph at lines 359--365
[]\T1/cmr/m/n/10.95 Reproduction: \T1/cmtt/m/n/10.95 python examples/run_qec_br
idge_analysis.py \T1/cmr/m/n/10.95 (E-038);
 []


Overfull \hbox (120.70975pt too wide) in paragraph at lines 359--365
\T1/cmtt/m/n/10.95 python examples/run_fano_kernel_shell_map.py\T1/cmr/m/n/10.9
5 , \T1/cmtt/m/n/10.95 python examples/run_fano_shell_cosets.py
 []


Overfull \hbox (13.10472pt too wide) in paragraph at lines 359--365
\T1/cmr/m/n/10.95 (E-039); \T1/cmtt/m/n/10.95 python examples/run_signed_shell_
syndromes.py \T1/cmr/m/n/10.95 (E-041); \T1/cmtt/m/n/10.95 python
 []



[10]

Package hyperref Warning: Token not allowed in a PDF string (Unicode):
(hyperref)                removing `\leavevmode@ifvmode' on input line 379.


Package hyperref Warning: Token not allowed in a PDF string (Unicode):
(hyperref)                \kern 1.81503pt
(hyperref)                removed on input line 379.


Package hyperref Warning: Token not allowed in a PDF string (Unicode):
(hyperref)                removing `\leavevmode@ifvmode' on input line 379.


Package hyperref Warning: Token not allowed in a PDF string (Unicode):
(hyperref)                \kern 1.81503pt
(hyperref)                removed on input line 379.


Overfull \hbox (100.76917pt too wide) in paragraph at lines 397--409
\T1/cmr/m/n/10.95 sym-plec-tic form. The cor-re-spond-ing API is im-ple-mented 
in \T1/cmtt/m/n/10.95 src/kepler_hurwitz/qec_bridge.py\T1/cmr/m/n/10.95 ,
 []


Overfull \hbox (0.6407pt too wide) in paragraph at lines 397--409
\T1/cmr/m/n/10.95 sion tests are con-tained in \T1/cmtt/m/n/10.95 tests/test_fi
ve_qubit_stabilizer_bridge.py\T1/cmr/m/n/10.95 . 
 []



[11]
Overfull \hbox (117.57549pt too wide) in paragraph at lines 437--439
\T1/cmr/m/n/10.95 The ex-ported data are stored in \T1/cmtt/m/n/10.95 docs/ener
giedoku_exports/five_qubit_stabilizer_bridge.json\T1/cmr/m/n/10.95 . 
 []



[12]

Package hyperref Warning: Token not allowed in a PDF string (Unicode):
(hyperref)                removing `\leavevmode@ifvmode' on input line 482.


Package hyperref Warning: Token not allowed in a PDF string (Unicode):
(hyperref)                \kern 1.81503pt
(hyperref)                removed on input line 482.


Package hyperref Warning: Token not allowed in a PDF string (Unicode):
(hyperref)                removing `\leavevmode@ifvmode' on input line 482.


Package hyperref Warning: Token not allowed in a PDF string (Unicode):
(hyperref)                \kern 1.81503pt
(hyperref)                removed on input line 482.


Overfull \hbox (1.49275pt too wide) in paragraph at lines 496--503
\T1/cmr/m/n/10.95 The de-fen-sive ques-tion for a prospec-tive en-try E-045 is:
 does \T1/cmtt/m/n/10.95 signed_support
 []


Overfull \hbox (107.21141pt too wide) in paragraph at lines 506--512
\T1/cmr/m/n/10.95 The com-pu-ta-tion can be re-pro-duced by run-ning \T1/cmtt/m
/n/10.95 python examples/run_qec_stabilizer_check.py
 []


Overfull \hbox (10.72752pt too wide) in paragraph at lines 518--519
\T1/cmr/m/n/10.95 prime-norm lat-tice sieve (\T1/cmtt/m/n/10.95 tests/test_prim
e_norms.py\T1/cmr/m/n/10.95 ), the Fano-QEC bridge
 []



[13]
Overfull \hbox (115.60844pt too wide) in paragraph at lines 523--540
 [] 
 []


Overfull \hbox (13.85161pt too wide) in paragraph at lines 546--547
[]\T1/cmtt/m/n/10.95 docs/energiedoku_exports/arithmetic_energy_levels.tex \T1/
cmr/m/n/10.95 (Ta-ble []3[]); 
 []


Overfull \hbox (49.92159pt too wide) in paragraph at lines 548--549
[]\T1/cmr/m/n/10.95 JSON reg-is-ters un-der \T1/cmtt/m/n/10.95 docs/energiedoku
_exports/ \T1/cmr/m/n/10.95 (in-clud-ing \T1/cmtt/m/n/10.95 qec_bridge.json\T1/
cmr/m/n/10.95 ,
 []


Overfull \hbox (182.4384pt too wide) in paragraph at lines 548--549
\T1/cmtt/m/n/10.95 signed_shell_syndromes.json\T1/cmr/m/n/10.95 , \T1/cmtt/m/n/
10.95 signed_support_symmetry.json\T1/cmr/m/n/10.95 , \T1/cmtt/m/n/10.95 five_q
ubit_stabilizer_bridge.json\T1/cmr/m/n/10.95 ); 
 []


LaTeX Warning: Reference `sec:qec-stabilizer-bridge' on page 14 undefined on in
put line 549.


Overfull \hbox (1.91327pt too wide) in paragraph at lines 549--550
[]\T1/cmr/m/n/10.95 governance: \T1/cmtt/m/n/10.95 EVIDENCE_REGISTER.md \T1/cmr
/m/n/10.95 (E-033--E-044); QEC block E-038--
 []



[14]

[15] (paper_draft.aux)
 ***********
LaTeX2e <2025-11-01>
L3 programming layer <2025-12-29>
 ***********


LaTeX Warning: There were undefined references.


LaTeX Warning: Label(s) may have changed. Rerun to get cross-references right.


Package rerunfilecheck Warning: File `paper_draft.out' has changed.
(rerunfilecheck)                Rerun to get outlines right
(rerunfilecheck)                or use package `bookmark'.

Package rerunfilecheck Info: Checksums for `paper_draft.out':
(rerunfilecheck)             Before: A5CAC5D7FCBA57973FCAF4A73D040A18;6328
(rerunfilecheck)             After:  AE541729D39B05D371754D98A32CEB1E;7789.
 ) 
Here is how much of TeX's memory you used:
 33084 strings out of 467875
 782939 string characters out of 5404952
 1322492 words of memory out of 5000000
 61376 multiletter control sequences out of 15000+600000
 651959 words of font info for 105 fonts, out of 8000000 for 9000
 1141 hyphenation exceptions out of 8191
 99i,11n,118p,1010b,2326s stack positions out of 10000i,1000n,20000p,200000b,200000s
 </Users/thomashoffbauer/Library/Application Support/MiKTeX/texmfs/data/fonts
/pk/ljfour/jknappen/ec/dpi600/ecti0900.pk> </Users/thomashoffbauer/Library/Appl
ication Support/MiKTeX/texmfs/data/fonts/pk/ljfour/jknappen/ec/dpi600/ecrm0600.
pk> </Users/thomashoffbauer/Library/Application Support/MiKTeX/texmfs/data/font
s/pk/ljfour/jknappen/ec/dpi600/ecrm0800.pk> </Users/thomashoffbauer/Library/App
lication Support/MiKTeX/texmfs/data/fonts/pk/ljfour/jknappen/ec/dpi600/ecti1095
.pk> </Users/thomashoffbauer/Library/Application Support/MiKTeX/texmfs/data/fon
ts/pk/ljfour/jknappen/ec/dpi600/tcrm1095.pk> </Users/thomashoffbauer/Library/Ap
plication Support/MiKTeX/texmfs/data/fonts/pk/ljfour/jknappen/ec/dpi600/ectt109
5.pk> </Users/thomashoffbauer/Library/Application Support/MiKTeX/texmfs/data/fo
nts/pk/ljfour/jknappen/ec/dpi600/ecbx1200.pk> </Users/thomashoffbauer/Library/A
pplication Support/MiKTeX/texmfs/data/fonts/pk/ljfour/jknappen/ec/dpi600/ecbx10
95.pk> </Users/thomashoffbauer/Library/Application Support/MiKTeX/texmfs/data/f
onts/pk/ljfour/jknappen/ec/dpi600/ecbx1440.pk> </Users/thomashoffbauer/Library/
Application Support/MiKTeX/texmfs/data/fonts/pk/ljfour/jknappen/ec/dpi600/ecrm1
095.pk> </Users/thomashoffbauer/Library/Application Support/MiKTeX/texmfs/data/
fonts/pk/ljfour/jknappen/ec/dpi600/ecrm0900.pk> </Users/thomashoffbauer/Library
/Application Support/MiKTeX/texmfs/data/fonts/pk/ljfour/jknappen/ec/dpi600/tcrm
0600.pk> </Users/thomashoffbauer/Library/Application Support/MiKTeX/texmfs/data
/fonts/pk/ljfour/jknappen/ec/dpi600/ecti1000.pk> </Users/thomashoffbauer/Librar
y/Application Support/MiKTeX/texmfs/data/fonts/pk/ljfour/jknappen/ec/dpi600/ecr
m1000.pk> </Users/thomashoffbauer/Library/Application Support/MiKTeX/texmfs/dat
a/fonts/pk/ljfour/jknappen/ec/dpi600/ecbx1000.pk> </Users/thomashoffbauer/Libra
ry/Application Support/MiKTeX/texmfs/data/fonts/pk/ljfour/jknappen/ec/dpi600/tc
rm0800.pk> </Users/thomashoffbauer/Library/Application Support/MiKTeX/texmfs/da
ta/fonts/pk/ljfour/jknappen/ec/dpi600/ecrm1200.pk> </Users/thomashoffbauer/Libr
ary/Application Support/MiKTeX/texmfs/data/fonts/pk/ljfour/jknappen/ec/dpi600/e
crm1728.pk></Users/thomashoffbauer/Library/Application Support/MiKTeX/texmfs/in
stall/fonts/type1/public/amsfonts/cm/cmex10.pfb></Users/thomashoffbauer/Library
/Application Support/MiKTeX/texmfs/install/fonts/type1/public/amsfonts/cm/cmmi1
0.pfb></Users/thomashoffbauer/Library/Application Support/MiKTeX/texmfs/install
/fonts/type1/public/amsfonts/cm/cmmi12.pfb></Users/thomashoffbauer/Library/Appl
ication Support/MiKTeX/texmfs/install/fonts/type1/public/amsfonts/cm/cmmi8.pfb>
</Users/thomashoffbauer/Library/Application Support/MiKTeX/texmfs/install/fonts
/type1/public/amsfonts/cm/cmmi9.pfb></Users/thomashoffbauer/Library/Application
 Support/MiKTeX/texmfs/install/fonts/type1/public/amsfonts/cm/cmr10.pfb></Users
/thomashoffbauer/Library/Application Support/MiKTeX/texmfs/install/fonts/type1/
public/amsfonts/cm/cmr12.pfb></Users/thomashoffbauer/Library/Application Suppor
t/MiKTeX/texmfs/install/fonts/type1/public/amsfonts/cm/cmr6.pfb></Users/thomash
offbauer/Library/Application Support/MiKTeX/texmfs/install/fonts/type1/public/a
msfonts/cm/cmr7.pfb></Users/thomashoffbauer/Library/Application Support/MiKTeX/
texmfs/install/fonts/type1/public/amsfonts/cm/cmr8.pfb></Users/thomashoffbauer/
Library/Application Support/MiKTeX/texmfs/install/fonts/type1/public/amsfonts/c
m/cmr9.pfb></Users/thomashoffbauer/Library/Application Support/MiKTeX/texmfs/in
stall/fonts/type1/public/amsfonts/cm/cmsy10.pfb></Users/thomashoffbauer/Library
/Application Support/MiKTeX/texmfs/install/fonts/type1/public/amsfonts/cm/cmsy8
.pfb></Users/thomashoffbauer/Library/Application Support/MiKTeX/texmfs/install/
fonts/type1/public/amsfonts/symbols/msbm10.pfb>
Output written on paper_draft.pdf (15 pages, 395224 bytes).
PDF statistics:
 913 PDF objects out of 1000 (max. 8388607)
 78 named destinations out of 1000 (max. 500000)
 15581 words of extra memory for PDF output out of 17280 (max. 10000000)

